<?xml version="1.0" encoding="UTF-8"?>
<!-- Generated by org.testng.reporters.JUnitReportReporter -->
<testsuite hostname="Sushil-PC" name="com.company.project.stepdefs.RunnerTest" tests="1" failures="0" timestamp="26 Oct 2017 12:13:20 GMT" time="20.379" errors="0">
  <testcase name="run_cukes" time="20.379" classname="com.company.project.stepdefs.RunnerTest"/>
</testsuite> <!-- com.company.project.stepdefs.RunnerTest -->
